<?xml version="1.0" encoding="UTF-8"?>
<!-- Generated by org.testng.reporters.JUnitReportReporter -->
<testsuite skipped="0" hostname="Administrators-MacBook-Pro-9.local" username="com.qa.tests.CustomerWebLoginTest" tests="1" failures="0" timestamp="26 Nov 2017 10:00:16 GMT" time="1.513" errors="0">
  <testcase username="postAPITest" time="1.513" classname="com.qa.tests.CustomerWebLoginTest"/>
</testsuite> <!-- com.qa.tests.CustomerWebLoginTest -->
